<?xml version="1.0" encoding="UTF-8"?>
<!-- Generated by org.testng.reporters.JUnitXMLReporter -->
<testsuite ignored="5" hostname="DESKTOP-44KT022" failures="0" tests="3" name="Test" time="0.156" errors="0" timestamp="2025-05-11T16:56:04 IST">
  <testcase classname="testNG.Grouping" name="test_loginByEmail" time="0.024"/>
  <testcase classname="testNG.Grouping" name="test_loginByFacebook" time="0.003"/>
  <testcase classname="testNG.Grouping" name="test_loginByTwitter" time="0.005"/>
  <testcase classname="testNG.Grouping3" name="test_paymentInRupees" time="0.0">
    <ignored/>
  </testcase> <!-- test_paymentInRupees -->
  <testcase classname="testNG.Grouping2" name="test_signupByTwitter" time="0.0">
    <ignored/>
  </testcase> <!-- test_signupByTwitter -->
  <testcase classname="testNG.Grouping2" name="test_signupByFacebook" time="0.0">
    <ignored/>
  </testcase> <!-- test_signupByFacebook -->
  <testcase classname="testNG.Grouping3" name="test_paymentInDollars" time="0.0">
    <ignored/>
  </testcase> <!-- test_paymentInDollars -->
  <testcase classname="testNG.Grouping2" name="test_signupByEmail" time="0.0">
    <ignored/>
  </testcase> <!-- test_signupByEmail -->
</testsuite> <!-- Test -->
