<?xml version="1.0" encoding="UTF-8"?>
<testng-results ignored="0" total="3" passed="3" failed="0" skipped="0">
  <reporter-output>
  </reporter-output>
  <suite started-at="2025-04-10T15:33:35 IST" name="Default suite" finished-at="2025-04-10T15:33:46 IST" duration-ms="10258">
    <groups>
    </groups>
    <test started-at="2025-04-10T15:33:35 IST" name="Default test" finished-at="2025-04-10T15:33:46 IST" duration-ms="10258">
      <class name="testngmethods.dataProvider">
        <test-method is-config="true" signature="setup()[pri:0, instance:testngmethods.dataProvider@f79e]" started-at="2025-04-10T15:33:35 IST" name="setup" finished-at="2025-04-10T15:33:38 IST" duration-ms="2966" status="PASS">
          <reporter-output>
          </reporter-output>
        </test-method> <!-- setup -->
        <test-method signature="testLogin(java.lang.String,java.lang.String)[pri:0, instance:testngmethods.dataProvider@f79e]" started-at="2025-04-10T15:33:38 IST" name="testLogin" data-provider="dp" finished-at="2025-04-10T15:33:41 IST" duration-ms="2894" status="PASS">
          <params>
            <param index="0">
              <value>
                <![CDATA[abc@gmail.com]]>
              </value>
            </param>
            <param index="1">
              <value>
                <![CDATA[test123]]>
              </value>
            </param>
          </params>
          <reporter-output>
          </reporter-output>
        </test-method> <!-- testLogin -->
        <test-method signature="testLogin(java.lang.String,java.lang.String)[pri:0, instance:testngmethods.dataProvider@f79e]" started-at="2025-04-10T15:33:41 IST" name="testLogin" data-provider="dp" finished-at="2025-04-10T15:33:43 IST" duration-ms="1799" status="PASS">
          <params>
            <param index="0">
              <value>
                <![CDATA[nirmalkumara@gmai.com]]>
              </value>
            </param>
            <param index="1">
              <value>
                <![CDATA[nirmal111]]>
              </value>
            </param>
          </params>
          <reporter-output>
          </reporter-output>
        </test-method> <!-- testLogin -->
        <test-method signature="testLogin(java.lang.String,java.lang.String)[pri:0, instance:testngmethods.dataProvider@f79e]" started-at="2025-04-10T15:33:43 IST" name="testLogin" data-provider="dp" finished-at="2025-04-10T15:33:45 IST" duration-ms="2006" status="PASS">
          <params>
            <param index="0">
              <value>
                <![CDATA[kamalakanta@gmail.com]]>
              </value>
            </param>
            <param index="1">
              <value>
                <![CDATA[kamala111]]>
              </value>
            </param>
          </params>
          <reporter-output>
          </reporter-output>
        </test-method> <!-- testLogin -->
        <test-method is-config="true" signature="teardown()[pri:0, instance:testngmethods.dataProvider@f79e]" started-at="2025-04-10T15:33:45 IST" name="teardown" finished-at="2025-04-10T15:33:46 IST" duration-ms="485" status="PASS">
          <reporter-output>
          </reporter-output>
        </test-method> <!-- teardown -->
      </class> <!-- testngmethods.dataProvider -->
    </test> <!-- Default test -->
  </suite> <!-- Default suite -->
</testng-results>
