<?xml version="1.0" encoding="UTF-8"?>
<testng-results ignored="0" total="2" passed="2" failed="0" skipped="0">
  <reporter-output>
  </reporter-output>
  <suite started-at="2025-05-11T19:40:47 IST" name="Default suite" finished-at="2025-05-11T19:41:02 IST" duration-ms="15735">
    <groups>
    </groups>
    <test started-at="2025-05-11T19:40:47 IST" name="Default test" finished-at="2025-05-11T19:41:02 IST" duration-ms="15735">
      <class name="testNG.DataProviderDemo">
        <test-method signature="test_login(java.lang.String,java.lang.String)[pri:0, instance:testNG.DataProviderDemo@70325e14]" started-at="2025-05-11T19:40:47 IST" name="test_login" data-provider="dp" finished-at="2025-05-11T19:40:55 IST" duration-ms="8252" status="PASS">
          <params>
            <param index="0">
              <value>
                <![CDATA[njndd]]>
              </value>
            </param>
            <param index="1">
              <value>
                <![CDATA[+8989+]]>
              </value>
            </param>
          </params>
          <reporter-output>
          </reporter-output>
        </test-method> <!-- test_login -->
        <test-method signature="test_login(java.lang.String,java.lang.String)[pri:0, instance:testNG.DataProviderDemo@70325e14]" started-at="2025-05-11T19:40:55 IST" name="test_login" data-provider="dp" finished-at="2025-05-11T19:41:02 IST" duration-ms="7342" status="PASS">
          <params>
            <param index="0">
              <value>
                <![CDATA[Admin]]>
              </value>
            </param>
            <param index="1">
              <value>
                <![CDATA[admin123]]>
              </value>
            </param>
          </params>
          <reporter-output>
          </reporter-output>
        </test-method> <!-- test_login -->
      </class> <!-- testNG.DataProviderDemo -->
    </test> <!-- Default test -->
  </suite> <!-- Default suite -->
</testng-results>
