<?xml version="1.0" encoding="UTF-8"?>
<testng-results ignored="0" total="2" passed="2" failed="0" skipped="0">
  <reporter-output>
  </reporter-output>
  <suite started-at="2025-04-14T17:12:42 IST" name="Suite" finished-at="2025-04-14T17:13:29 IST" duration-ms="47101">
    <groups>
      <group name="sanity">
        <method signature="TC001_registrationTest.verifyregistration()[pri:0, instance:testCases.TC001_registrationTest@1190200a]" name="verifyregistration" class="testCases.TC001_registrationTest"/>
        <method signature="TC001_registrationTest.verifyregistration()[pri:0, instance:testCases.TC001_registrationTest@2118cddf]" name="verifyregistration" class="testCases.TC001_registrationTest"/>
      </group> <!-- sanity -->
      <group name="master">
        <method signature="TC001_registrationTest.verifyregistration()[pri:0, instance:testCases.TC001_registrationTest@1190200a]" name="verifyregistration" class="testCases.TC001_registrationTest"/>
        <method signature="TC001_registrationTest.verifyregistration()[pri:0, instance:testCases.TC001_registrationTest@2118cddf]" name="verifyregistration" class="testCases.TC001_registrationTest"/>
      </group> <!-- master -->
    </groups>
    <test started-at="2025-04-14T17:12:42 IST" name="Chrometest" finished-at="2025-04-14T17:13:29 IST" duration-ms="46918">
      <class name="testCases.TC001_registrationTest">
        <test-method is-config="true" signature="setup(java.lang.String,java.lang.String)[pri:0, instance:testCases.TC001_registrationTest@1190200a]" started-at="2025-04-14T17:12:42 IST" name="setup" finished-at="2025-04-14T17:13:15 IST" duration-ms="33559" status="PASS">
          <params>
            <param index="0">
              <value>
                <![CDATA[windows]]>
              </value>
            </param>
            <param index="1">
              <value>
                <![CDATA[chrome]]>
              </value>
            </param>
          </params>
          <reporter-output>
          </reporter-output>
        </test-method> <!-- setup -->
        <test-method signature="verifyregistration()[pri:0, instance:testCases.TC001_registrationTest@1190200a]" started-at="2025-04-14T17:13:15 IST" name="verifyregistration" finished-at="2025-04-14T17:13:21 IST" duration-ms="6120" status="PASS">
          <reporter-output>
          </reporter-output>
        </test-method> <!-- verifyregistration -->
        <test-method is-config="true" signature="teardown()[pri:0, instance:testCases.TC001_registrationTest@1190200a]" started-at="2025-04-14T17:13:21 IST" name="teardown" finished-at="2025-04-14T17:13:29 IST" duration-ms="7162" status="PASS">
          <reporter-output>
          </reporter-output>
        </test-method> <!-- teardown -->
      </class> <!-- testCases.TC001_registrationTest -->
    </test> <!-- Chrometest -->
    <test started-at="2025-04-14T17:12:42 IST" name="edgetest" finished-at="2025-04-14T17:13:29 IST" duration-ms="47101">
      <class name="testCases.TC001_registrationTest">
        <test-method is-config="true" signature="setup(java.lang.String,java.lang.String)[pri:0, instance:testCases.TC001_registrationTest@2118cddf]" started-at="2025-04-14T17:12:42 IST" name="setup" finished-at="2025-04-14T17:13:15 IST" duration-ms="33353" status="PASS">
          <params>
            <param index="0">
              <value>
                <![CDATA[windows]]>
              </value>
            </param>
            <param index="1">
              <value>
                <![CDATA[edge]]>
              </value>
            </param>
          </params>
          <reporter-output>
          </reporter-output>
        </test-method> <!-- setup -->
        <test-method signature="verifyregistration()[pri:0, instance:testCases.TC001_registrationTest@2118cddf]" started-at="2025-04-14T17:13:15 IST" name="verifyregistration" finished-at="2025-04-14T17:13:21 IST" duration-ms="6233" status="PASS">
          <reporter-output>
          </reporter-output>
        </test-method> <!-- verifyregistration -->
        <test-method is-config="true" signature="teardown()[pri:0, instance:testCases.TC001_registrationTest@2118cddf]" started-at="2025-04-14T17:13:21 IST" name="teardown" finished-at="2025-04-14T17:13:29 IST" duration-ms="7346" status="PASS">
          <reporter-output>
          </reporter-output>
        </test-method> <!-- teardown -->
      </class> <!-- testCases.TC001_registrationTest -->
    </test> <!-- edgetest -->
  </suite> <!-- Suite -->
</testng-results>
